<?xml version="1.0" encoding="UTF-8"?>
<testng-results ignored="0" total="5" passed="5" failed="0" skipped="0">
  <reporter-output>
  </reporter-output>
  <suite started-at="2024-11-18T15:38:14 IST" name="Test Suite for Buildout" finished-at="2024-11-18T15:40:18 IST" duration-ms="124015">
    <groups>
    </groups>
    <test started-at="2024-11-18T15:38:14 IST" name="Test Cases for Buildout" finished-at="2024-11-18T15:40:18 IST" duration-ms="124015">
      <class name="demo.TestCases">
        <test-method is-config="true" signature="startTest()[pri:0, instance:demo.TestCases@6138e79a]" started-at="2024-11-18T15:38:10 IST" name="startTest" finished-at="2024-11-18T15:38:14 IST" duration-ms="3711" status="PASS">
          <reporter-output>
          </reporter-output>
        </test-method> <!-- startTest -->
        <test-method signature="testCase01()[pri:1, instance:demo.TestCases@6138e79a]" started-at="2024-11-18T15:38:14 IST" name="testCase01" finished-at="2024-11-18T15:38:24 IST" duration-ms="9635" status="PASS">
          <reporter-output>
          </reporter-output>
        </test-method> <!-- testCase01 -->
        <test-method signature="testCase02()[pri:2, instance:demo.TestCases@6138e79a]" started-at="2024-11-18T15:38:24 IST" name="testCase02" finished-at="2024-11-18T15:38:45 IST" duration-ms="21398" status="PASS">
          <reporter-output>
          </reporter-output>
        </test-method> <!-- testCase02 -->
        <test-method signature="testCase_03()[pri:3, instance:demo.TestCases@6138e79a]" started-at="2024-11-18T15:38:45 IST" name="testCase_03" finished-at="2024-11-18T15:39:23 IST" duration-ms="37836" status="PASS">
          <reporter-output>
          </reporter-output>
        </test-method> <!-- testCase_03 -->
        <test-method signature="testCase04()[pri:4, instance:demo.TestCases@6138e79a]" started-at="2024-11-18T15:39:23 IST" name="testCase04" finished-at="2024-11-18T15:39:55 IST" duration-ms="32385" status="PASS">
          <reporter-output>
          </reporter-output>
        </test-method> <!-- testCase04 -->
        <test-method signature="testCase05()[pri:5, instance:demo.TestCases@6138e79a]" started-at="2024-11-18T15:39:55 IST" name="testCase05" finished-at="2024-11-18T15:40:18 IST" duration-ms="22626" status="PASS">
          <reporter-output>
          </reporter-output>
        </test-method> <!-- testCase05 -->
        <test-method is-config="true" signature="endTest()[pri:0, instance:demo.TestCases@6138e79a]" started-at="2024-11-18T15:40:18 IST" name="endTest" finished-at="2024-11-18T15:40:20 IST" duration-ms="1364" status="PASS">
          <reporter-output>
          </reporter-output>
        </test-method> <!-- endTest -->
      </class> <!-- demo.TestCases -->
    </test> <!-- Test Cases for Buildout -->
  </suite> <!-- Test Suite for Buildout -->
</testng-results>
